This is pdfTeX, Version 3.14159265-2.6-1.40.21 (MiKTeX 21.1) (preloaded format=pdflatex 2021.3.1)  6 DEC 2021 07:24
entering extended mode
**"C:/Users/Ambros D. Anrig/OneDrive - Kanton Glarus/Dokumente/GitHub/Maturaarb
eit_Ambros/Maturaarbeit/main.tex"

("C:/Users/Ambros D. Anrig/OneDrive - Kanton Glarus/Dokumente/GitHub/Maturaarbe
it_Ambros/Maturaarbeit/main.tex"
LaTeX2e <2020-10-01> patch level 4
L3 programming layer <2021-01-09> xparse <2020-03-03>
("C:/Users/Ambros D. Anrig/OneDrive - Kanton Glarus/Dokumente/GitHub/Maturaarbe
it_Ambros/Maturaarbeit\preamble.tex"
("C:\Users\Ambros D. Anrig\AppData\Local\Programs\MiKTeX\tex/latex/base\article
.cls"
Document Class: article 2020/04/10 v1.4m Standard LaTeX document class

("C:\Users\Ambros D. Anrig\AppData\Local\Programs\MiKTeX\tex/latex/base\size12.
clo"
File: size12.clo 2020/04/10 v1.4m Standard LaTeX file (size option)
)
\c@part=\count177
\c@section=\count178
\c@subsection=\count179
\c@subsubsection=\count180
\c@paragraph=\count181
\c@subparagraph=\count182
\c@figure=\count183
\c@table=\count184
\abovecaptionskip=\skip47
\belowcaptionskip=\skip48
\bibindent=\dimen138
)
("C:\Users\Ambros D. Anrig\AppData\Local\Programs\MiKTeX\tex/latex/geometry\geo
metry.sty"
Package: geometry 2020/01/02 v5.9 Page Geometry

("C:\Users\Ambros D. Anrig\AppData\Local\Programs\MiKTeX\tex/latex/graphics\key
val.sty"
Package: keyval 2014/10/28 v1.15 key=value parser (DPC)
\KV@toks@=\toks15
)
("C:\Users\Ambros D. Anrig\AppData\Local\Programs\MiKTeX\tex/generic/iftex\ifvt
ex.sty"
Package: ifvtex 2019/10/25 v1.7 ifvtex legacy package. Use iftex instead.

("C:\Users\Ambros D. Anrig\AppData\Local\Programs\MiKTeX\tex/generic/iftex\ifte
x.sty"
Package: iftex 2020/03/06 v1.0d TeX engine tests
))
\Gm@cnth=\count185
\Gm@cntv=\count186
\c@Gm@tempcnt=\count187
\Gm@bindingoffset=\dimen139
\Gm@wd@mp=\dimen140
\Gm@odd@mp=\dimen141
\Gm@even@mp=\dimen142
\Gm@layoutwidth=\dimen143
\Gm@layoutheight=\dimen144
\Gm@layouthoffset=\dimen145
\Gm@layoutvoffset=\dimen146
\Gm@dimlist=\toks16

("C:\Users\Ambros D. Anrig\AppData\Local\Programs\MiKTeX\tex/latex/geometry\geo
metry.cfg"))
("C:\Users\Ambros D. Anrig\AppData\Local\Programs\MiKTeX\tex/latex/base\inputen
c.sty"
Package: inputenc 2020/08/01 v1.3d Input encoding file
\inpenc@prehook=\toks17
\inpenc@posthook=\toks18
)
("C:\Users\Ambros D. Anrig\AppData\Local\Programs\MiKTeX\tex/generic/babel\babe
l.sty"
Package: babel 2020/12/16 3.52 The Babel package

("C:\Users\Ambros D. Anrig\AppData\Local\Programs\MiKTeX\tex/generic/babel\babe
l.def"
File: babel.def 2020/12/16 3.52 Babel common definitions
\babel@savecnt=\count188
\U@D=\dimen147
\l@babelnohyphens=\language79

("C:\Users\Ambros D. Anrig\AppData\Local\Programs\MiKTeX\tex/generic/babel\txtb
abel.def")
\bbl@readstream=\read2
)
\bbl@dirlevel=\count189

*************************************
* Local config file bblopts.cfg used
*

("C:\Users\Ambros D. Anrig\AppData\Local\Programs\MiKTeX\tex/latex/arabi\bblopt
s.cfg"
File: bblopts.cfg 2005/09/08 v0.1 add Arabic and Farsi to "declared" options of
 babel
)
("C:\Users\Ambros D. Anrig\AppData\Local\Programs\MiKTeX\tex/latex/babel-german
\german.ldf"
Language: german 2020/07/21 v2.12 German support for babel (pre-1996 orthograph
y)

("C:\Users\Ambros D. Anrig\AppData\Local\Programs\MiKTeX\tex/latex/babel-german
\germanb.ldf"
Language: germanb 2020/07/21 v2.12 German support for babel (pre-1996 orthograp
hy)
Package babel Info: Making " an active character on input line 135.
)))
("C:\Users\Ambros D. Anrig\AppData\Local\Programs\MiKTeX\tex/latex/siunitx\siun
itx.sty"
("C:\Users\Ambros D. Anrig\AppData\Local\Programs\MiKTeX\tex/latex/l3kernel\exp
l3.sty"
Package: expl3 2021-01-09 L3 programming layer (loader) 

("C:\Users\Ambros D. Anrig\AppData\Local\Programs\MiKTeX\tex/latex/l3backend\l3
backend-pdftex.def"
File: l3backend-pdftex.def 2021-01-09 L3 backend support: PDF output (pdfTeX)
\l__kernel_color_stack_int=\count190
\l__pdf_internal_box=\box47
))
("C:\Users\Ambros D. Anrig\AppData\Local\Programs\MiKTeX\tex/latex/l3packages/x
parse\xparse.sty"
Package: xparse 2020-10-27 L3 Experimental document command parser

("C:\Users\Ambros D. Anrig\AppData\Local\Programs\MiKTeX\tex/latex/l3packages/x
parse\xparse-generic.tex"))
Package: siunitx 2020/02/25 v2.8b A comprehensive (SI) units package

("C:\Users\Ambros D. Anrig\AppData\Local\Programs\MiKTeX\tex/latex/amsmath\amst
ext.sty"
Package: amstext 2000/06/29 v2.01 AMS text

("C:\Users\Ambros D. Anrig\AppData\Local\Programs\MiKTeX\tex/latex/amsmath\amsg
en.sty"
File: amsgen.sty 1999/11/30 v2.0 generic functions
\@emptytoks=\toks19
\ex@=\dimen148
))
("C:\Users\Ambros D. Anrig\AppData\Local\Programs\MiKTeX\tex/latex/latex-tools\
array.sty"
Package: array 2020/10/01 v2.5c Tabular extension package (FMi)
\col@sep=\dimen149
\ar@mcellbox=\box48
\extrarowheight=\dimen150
\NC@list=\toks20
\extratabsurround=\skip49
\backup@length=\skip50
\ar@cellbox=\box49
)
("C:\Users\Ambros D. Anrig\AppData\Local\Programs\MiKTeX\tex/latex/l3packages/l
3keys2e\l3keys2e.sty"
Package: l3keys2e 2020-10-27 LaTeX2e option processing using LaTeX3 keys
)
\l__siunitx_tmp_box=\box50
\l__siunitx_tmp_dim=\dimen151
\l__siunitx_tmp_int=\count191
\l__siunitx_number_mantissa_length_int=\count192
\l__siunitx_number_uncert_length_int=\count193
\l__siunitx_round_int=\count194
\l__siunitx_process_decimal_int=\count195
\l__siunitx_process_uncertainty_int=\count196
\l__siunitx_process_fixed_int=\count197
\l__siunitx_process_integer_min_int=\count198
\l__siunitx_process_precision_int=\count199
\l__siunitx_group_min_int=\count266
\l__siunitx_angle_marker_box=\box51
\l__siunitx_angle_unit_box=\box52
\l__siunitx_angle_marker_dim=\dimen152
\l__siunitx_angle_unit_dim=\dimen153
\l__siunitx_unit_int=\count267
\l__siunitx_unit_denominator_int=\count268
\l__siunitx_unit_numerator_int=\count269
\l__siunitx_unit_prefix_int=\count270
\l__siunitx_unit_prefix_base_int=\count271
\l__siunitx_unit_prefix_gram_int=\count272
\l__siunitx_number_product_int=\count273
\c__siunitx_one_fill_skip=\skip51
\l__siunitx_table_unit_align_skip=\skip52
\l__siunitx_table_exponent_dim=\dimen154
\l__siunitx_table_integer_dim=\dimen155
\l__siunitx_table_mantissa_dim=\dimen156
\l__siunitx_table_marker_dim=\dimen157
\l__siunitx_table_result_dim=\dimen158
\l__siunitx_table_uncert_dim=\dimen159
\l__siunitx_table_fill_pre_dim=\dimen160
\l__siunitx_table_fill_post_dim=\dimen161
\l__siunitx_table_fill_mid_dim=\dimen162
\l__siunitx_table_pre_box=\box53
\l__siunitx_table_post_box=\box54
\l__siunitx_table_mantissa_box=\box55
\l__siunitx_table_result_box=\box56
\l__siunitx_table_number_align_skip=\skip53
\l__siunitx_table_text_align_skip=\skip54

("C:\Users\Ambros D. Anrig\AppData\Local\Programs\MiKTeX\tex/latex/translator\t
ranslator.sty"
Package: translator 2020-08-03 v1.12c Easy translation of strings in LaTeX
))
("C:\Users\Ambros D. Anrig\AppData\Local\Programs\MiKTeX\tex/latex/graphics\gra
phicx.sty"
Package: graphicx 2020/09/09 v1.2b Enhanced LaTeX Graphics (DPC,SPQR)

("C:\Users\Ambros D. Anrig\AppData\Local\Programs\MiKTeX\tex/latex/graphics\gra
phics.sty"
Package: graphics 2020/08/30 v1.4c Standard LaTeX Graphics (DPC,SPQR)

("C:\Users\Ambros D. Anrig\AppData\Local\Programs\MiKTeX\tex/latex/graphics\tri
g.sty"
Package: trig 2016/01/03 v1.10 sin cos tan (DPC)
)
("C:\Users\Ambros D. Anrig\AppData\Local\Programs\MiKTeX\tex/latex/graphics-cfg
\graphics.cfg"
File: graphics.cfg 2016/06/04 v1.11 sample graphics configuration
)
Package graphics Info: Driver file: pdftex.def on input line 105.

("C:\Users\Ambros D. Anrig\AppData\Local\Programs\MiKTeX\tex/latex/graphics-def
\pdftex.def"
File: pdftex.def 2020/10/05 v1.2a Graphics/color driver for pdftex
))
\Gin@req@height=\dimen163
\Gin@req@width=\dimen164
)
("C:\Users\Ambros D. Anrig\AppData\Local\Programs\MiKTeX\tex/latex/caption\capt
ion.sty"
Package: caption 2020/10/26 v3.5g Customizing captions (AR)

("C:\Users\Ambros D. Anrig\AppData\Local\Programs\MiKTeX\tex/latex/caption\capt
ion3.sty"
Package: caption3 2020/10/21 v2.2e caption3 kernel (AR)
\captionmargin=\dimen165
\captionmargin@=\dimen166
\captionwidth=\dimen167
\caption@tempdima=\dimen168
\caption@indent=\dimen169
\caption@parindent=\dimen170
\caption@hangindent=\dimen171
Package caption Info: Standard document class detected.
)
\c@caption@flags=\count274
\c@continuedfloat=\count275
)
("C:\Users\Ambros D. Anrig\AppData\Local\Programs\MiKTeX\tex/latex/float\float.
sty"
Package: float 2001/11/08 v1.3d Float enhancements (AL)
\c@float@type=\count276
\float@exts=\toks21
\float@box=\box57
\@float@everytoks=\toks22
\@floatcapt=\box58
)
("C:\Users\Ambros D. Anrig\AppData\Local\Programs\MiKTeX\tex/latex/caption\subc
aption.sty"
Package: subcaption 2020/10/07 v1.3j Sub-captions (AR)
\c@subfigure=\count277
\c@subtable=\count278
)
("C:\Users\Ambros D. Anrig\AppData\Local\Programs\MiKTeX\tex/latex/latex-tools\
tabularx.sty"
Package: tabularx 2020/01/15 v2.11c `tabularx' package (DPC)
\TX@col@width=\dimen172
\TX@old@table=\dimen173
\TX@old@col=\dimen174
\TX@target=\dimen175
\TX@delta=\dimen176
\TX@cols=\count279
\TX@ftn=\toks23
)
("C:\Users\Ambros D. Anrig\AppData\Local\Programs\MiKTeX\tex/latex/enumitem\enu
mitem.sty"
Package: enumitem 2019/06/20 v3.9 Customized lists
\labelindent=\skip55
\enit@outerparindent=\dimen177
\enit@toks=\toks24
\enit@inbox=\box59
\enit@count@id=\count280
\enitdp@description=\count281
)
("C:\Users\Ambros D. Anrig\AppData\Local\Programs\MiKTeX\tex/latex/xcolor\xcolo
r.sty"
Package: xcolor 2016/05/11 v2.12 LaTeX color extensions (UK)

("C:\Users\Ambros D. Anrig\AppData\Local\Programs\MiKTeX\tex/latex/graphics-cfg
\color.cfg"
File: color.cfg 2016/01/02 v1.6 sample color configuration
)
Package xcolor Info: Driver file: pdftex.def on input line 225.
Package xcolor Info: Model `cmy' substituted by `cmy0' on input line 1348.
Package xcolor Info: Model `hsb' substituted by `rgb' on input line 1352.
Package xcolor Info: Model `RGB' extended on input line 1364.
Package xcolor Info: Model `HTML' substituted by `rgb' on input line 1366.
Package xcolor Info: Model `Hsb' substituted by `hsb' on input line 1367.
Package xcolor Info: Model `tHsb' substituted by `hsb' on input line 1368.
Package xcolor Info: Model `HSB' substituted by `hsb' on input line 1369.
Package xcolor Info: Model `Gray' substituted by `gray' on input line 1370.
Package xcolor Info: Model `wave' substituted by `hsb' on input line 1371.

("C:\Users\Ambros D. Anrig\AppData\Local\Programs\MiKTeX\tex/latex/graphics\dvi
psnam.def"
File: dvipsnam.def 2016/06/17 v3.0m Driver-dependent file (DPC,SPQR)
))
("C:\Users\Ambros D. Anrig\AppData\Local\Programs\MiKTeX\tex/latex/pgf/frontend
layer\tikz.sty"
("C:\Users\Ambros D. Anrig\AppData\Local\Programs\MiKTeX\tex/latex/pgf/basiclay
er\pgf.sty"
("C:\Users\Ambros D. Anrig\AppData\Local\Programs\MiKTeX\tex/latex/pgf/utilitie
s\pgfrcs.sty"
("C:\Users\Ambros D. Anrig\AppData\Local\Programs\MiKTeX\tex/generic/pgf/utilit
ies\pgfutil-common.tex"
\pgfutil@everybye=\toks25
\pgfutil@tempdima=\dimen178
\pgfutil@tempdimb=\dimen179

("C:\Users\Ambros D. Anrig\AppData\Local\Programs\MiKTeX\tex/generic/pgf/utilit
ies\pgfutil-common-lists.tex"))
("C:\Users\Ambros D. Anrig\AppData\Local\Programs\MiKTeX\tex/generic/pgf/utilit
ies\pgfutil-latex.def"
\pgfutil@abb=\box60
)
("C:\Users\Ambros D. Anrig\AppData\Local\Programs\MiKTeX\tex/generic/pgf/utilit
ies\pgfrcs.code.tex"
("C:\Users\Ambros D. Anrig\AppData\Local\Programs\MiKTeX\tex/generic/pgf\pgf.re
vision.tex")
Package: pgfrcs 2020/12/27 v3.1.8b (3.1.8b)
))
Package: pgf 2020/12/27 v3.1.8b (3.1.8b)

("C:\Users\Ambros D. Anrig\AppData\Local\Programs\MiKTeX\tex/latex/pgf/basiclay
er\pgfcore.sty"
("C:\Users\Ambros D. Anrig\AppData\Local\Programs\MiKTeX\tex/latex/pgf/systemla
yer\pgfsys.sty"
("C:\Users\Ambros D. Anrig\AppData\Local\Programs\MiKTeX\tex/generic/pgf/system
layer\pgfsys.code.tex"
Package: pgfsys 2020/12/27 v3.1.8b (3.1.8b)

("C:\Users\Ambros D. Anrig\AppData\Local\Programs\MiKTeX\tex/generic/pgf/utilit
ies\pgfkeys.code.tex"
\pgfkeys@pathtoks=\toks26
\pgfkeys@temptoks=\toks27

("C:\Users\Ambros D. Anrig\AppData\Local\Programs\MiKTeX\tex/generic/pgf/utilit
ies\pgfkeysfiltered.code.tex"
\pgfkeys@tmptoks=\toks28
))
\pgf@x=\dimen180
\pgf@y=\dimen181
\pgf@xa=\dimen182
\pgf@ya=\dimen183
\pgf@xb=\dimen184
\pgf@yb=\dimen185
\pgf@xc=\dimen186
\pgf@yc=\dimen187
\pgf@xd=\dimen188
\pgf@yd=\dimen189
\w@pgf@writea=\write3
\r@pgf@reada=\read3
\c@pgf@counta=\count282
\c@pgf@countb=\count283
\c@pgf@countc=\count284
\c@pgf@countd=\count285
\t@pgf@toka=\toks29
\t@pgf@tokb=\toks30
\t@pgf@tokc=\toks31
\pgf@sys@id@count=\count286

("C:\Users\Ambros D. Anrig\AppData\Local\Programs\MiKTeX\tex/generic/pgf/system
layer\pgf.cfg"
File: pgf.cfg 2020/12/27 v3.1.8b (3.1.8b)
)
Driver file for pgf: pgfsys-pdftex.def

("C:\Users\Ambros D. Anrig\AppData\Local\Programs\MiKTeX\tex/generic/pgf/system
layer\pgfsys-pdftex.def"
File: pgfsys-pdftex.def 2020/12/27 v3.1.8b (3.1.8b)

("C:\Users\Ambros D. Anrig\AppData\Local\Programs\MiKTeX\tex/generic/pgf/system
layer\pgfsys-common-pdf.def"
File: pgfsys-common-pdf.def 2020/12/27 v3.1.8b (3.1.8b)
)))
("C:\Users\Ambros D. Anrig\AppData\Local\Programs\MiKTeX\tex/generic/pgf/system
layer\pgfsyssoftpath.code.tex"
File: pgfsyssoftpath.code.tex 2020/12/27 v3.1.8b (3.1.8b)
\pgfsyssoftpath@smallbuffer@items=\count287
\pgfsyssoftpath@bigbuffer@items=\count288
)
("C:\Users\Ambros D. Anrig\AppData\Local\Programs\MiKTeX\tex/generic/pgf/system
layer\pgfsysprotocol.code.tex"
File: pgfsysprotocol.code.tex 2020/12/27 v3.1.8b (3.1.8b)
))
("C:\Users\Ambros D. Anrig\AppData\Local\Programs\MiKTeX\tex/generic/pgf/basicl
ayer\pgfcore.code.tex"
Package: pgfcore 2020/12/27 v3.1.8b (3.1.8b)

("C:\Users\Ambros D. Anrig\AppData\Local\Programs\MiKTeX\tex/generic/pgf/math\p
gfmath.code.tex"
("C:\Users\Ambros D. Anrig\AppData\Local\Programs\MiKTeX\tex/generic/pgf/math\p
gfmathcalc.code.tex"
("C:\Users\Ambros D. Anrig\AppData\Local\Programs\MiKTeX\tex/generic/pgf/math\p
gfmathutil.code.tex")
("C:\Users\Ambros D. Anrig\AppData\Local\Programs\MiKTeX\tex/generic/pgf/math\p
gfmathparser.code.tex"
\pgfmath@dimen=\dimen190
\pgfmath@count=\count289
\pgfmath@box=\box61
\pgfmath@toks=\toks32
\pgfmath@stack@operand=\toks33
\pgfmath@stack@operation=\toks34
)
("C:\Users\Ambros D. Anrig\AppData\Local\Programs\MiKTeX\tex/generic/pgf/math\p
gfmathfunctions.code.tex"
("C:\Users\Ambros D. Anrig\AppData\Local\Programs\MiKTeX\tex/generic/pgf/math\p
gfmathfunctions.basic.code.tex")
("C:\Users\Ambros D. Anrig\AppData\Local\Programs\MiKTeX\tex/generic/pgf/math\p
gfmathfunctions.trigonometric.code.tex")
("C:\Users\Ambros D. Anrig\AppData\Local\Programs\MiKTeX\tex/generic/pgf/math\p
gfmathfunctions.random.code.tex")
("C:\Users\Ambros D. Anrig\AppData\Local\Programs\MiKTeX\tex/generic/pgf/math\p
gfmathfunctions.comparison.code.tex")
("C:\Users\Ambros D. Anrig\AppData\Local\Programs\MiKTeX\tex/generic/pgf/math\p
gfmathfunctions.base.code.tex")
("C:\Users\Ambros D. Anrig\AppData\Local\Programs\MiKTeX\tex/generic/pgf/math\p
gfmathfunctions.round.code.tex")
("C:\Users\Ambros D. Anrig\AppData\Local\Programs\MiKTeX\tex/generic/pgf/math\p
gfmathfunctions.misc.code.tex")
("C:\Users\Ambros D. Anrig\AppData\Local\Programs\MiKTeX\tex/generic/pgf/math\p
gfmathfunctions.integerarithmetics.code.tex")))
("C:\Users\Ambros D. Anrig\AppData\Local\Programs\MiKTeX\tex/generic/pgf/math\p
gfmathfloat.code.tex"
\c@pgfmathroundto@lastzeros=\count290
))
("C:\Users\Ambros D. Anrig\AppData\Local\Programs\MiKTeX\tex/generic/pgf/math\p
gfint.code.tex")
("C:\Users\Ambros D. Anrig\AppData\Local\Programs\MiKTeX\tex/generic/pgf/basicl
ayer\pgfcorepoints.code.tex"
File: pgfcorepoints.code.tex 2020/12/27 v3.1.8b (3.1.8b)
\pgf@picminx=\dimen191
\pgf@picmaxx=\dimen192
\pgf@picminy=\dimen193
\pgf@picmaxy=\dimen194
\pgf@pathminx=\dimen195
\pgf@pathmaxx=\dimen196
\pgf@pathminy=\dimen197
\pgf@pathmaxy=\dimen198
\pgf@xx=\dimen199
\pgf@xy=\dimen256
\pgf@yx=\dimen257
\pgf@yy=\dimen258
\pgf@zx=\dimen259
\pgf@zy=\dimen260
)
("C:\Users\Ambros D. Anrig\AppData\Local\Programs\MiKTeX\tex/generic/pgf/basicl
ayer\pgfcorepathconstruct.code.tex"
File: pgfcorepathconstruct.code.tex 2020/12/27 v3.1.8b (3.1.8b)
\pgf@path@lastx=\dimen261
\pgf@path@lasty=\dimen262
)
("C:\Users\Ambros D. Anrig\AppData\Local\Programs\MiKTeX\tex/generic/pgf/basicl
ayer\pgfcorepathusage.code.tex"
File: pgfcorepathusage.code.tex 2020/12/27 v3.1.8b (3.1.8b)
\pgf@shorten@end@additional=\dimen263
\pgf@shorten@start@additional=\dimen264
)
("C:\Users\Ambros D. Anrig\AppData\Local\Programs\MiKTeX\tex/generic/pgf/basicl
ayer\pgfcorescopes.code.tex"
File: pgfcorescopes.code.tex 2020/12/27 v3.1.8b (3.1.8b)
\pgfpic=\box62
\pgf@hbox=\box63
\pgf@layerbox@main=\box64
\pgf@picture@serial@count=\count291
)
("C:\Users\Ambros D. Anrig\AppData\Local\Programs\MiKTeX\tex/generic/pgf/basicl
ayer\pgfcoregraphicstate.code.tex"
File: pgfcoregraphicstate.code.tex 2020/12/27 v3.1.8b (3.1.8b)
\pgflinewidth=\dimen265
)
("C:\Users\Ambros D. Anrig\AppData\Local\Programs\MiKTeX\tex/generic/pgf/basicl
ayer\pgfcoretransformations.code.tex"
File: pgfcoretransformations.code.tex 2020/12/27 v3.1.8b (3.1.8b)
\pgf@pt@x=\dimen266
\pgf@pt@y=\dimen267
\pgf@pt@temp=\dimen268
)
("C:\Users\Ambros D. Anrig\AppData\Local\Programs\MiKTeX\tex/generic/pgf/basicl
ayer\pgfcorequick.code.tex"
File: pgfcorequick.code.tex 2020/12/27 v3.1.8b (3.1.8b)
)
("C:\Users\Ambros D. Anrig\AppData\Local\Programs\MiKTeX\tex/generic/pgf/basicl
ayer\pgfcoreobjects.code.tex"
File: pgfcoreobjects.code.tex 2020/12/27 v3.1.8b (3.1.8b)
)
("C:\Users\Ambros D. Anrig\AppData\Local\Programs\MiKTeX\tex/generic/pgf/basicl
ayer\pgfcorepathprocessing.code.tex"
File: pgfcorepathprocessing.code.tex 2020/12/27 v3.1.8b (3.1.8b)
)
("C:\Users\Ambros D. Anrig\AppData\Local\Programs\MiKTeX\tex/generic/pgf/basicl
ayer\pgfcorearrows.code.tex"
File: pgfcorearrows.code.tex 2020/12/27 v3.1.8b (3.1.8b)
\pgfarrowsep=\dimen269
)
("C:\Users\Ambros D. Anrig\AppData\Local\Programs\MiKTeX\tex/generic/pgf/basicl
ayer\pgfcoreshade.code.tex"
File: pgfcoreshade.code.tex 2020/12/27 v3.1.8b (3.1.8b)
\pgf@max=\dimen270
\pgf@sys@shading@range@num=\count292
\pgf@shadingcount=\count293
)
("C:\Users\Ambros D. Anrig\AppData\Local\Programs\MiKTeX\tex/generic/pgf/basicl
ayer\pgfcoreimage.code.tex"
File: pgfcoreimage.code.tex 2020/12/27 v3.1.8b (3.1.8b)

("C:\Users\Ambros D. Anrig\AppData\Local\Programs\MiKTeX\tex/generic/pgf/basicl
ayer\pgfcoreexternal.code.tex"
File: pgfcoreexternal.code.tex 2020/12/27 v3.1.8b (3.1.8b)
\pgfexternal@startupbox=\box65
))
("C:\Users\Ambros D. Anrig\AppData\Local\Programs\MiKTeX\tex/generic/pgf/basicl
ayer\pgfcorelayers.code.tex"
File: pgfcorelayers.code.tex 2020/12/27 v3.1.8b (3.1.8b)
)
("C:\Users\Ambros D. Anrig\AppData\Local\Programs\MiKTeX\tex/generic/pgf/basicl
ayer\pgfcoretransparency.code.tex"
File: pgfcoretransparency.code.tex 2020/12/27 v3.1.8b (3.1.8b)
)
("C:\Users\Ambros D. Anrig\AppData\Local\Programs\MiKTeX\tex/generic/pgf/basicl
ayer\pgfcorepatterns.code.tex"
File: pgfcorepatterns.code.tex 2020/12/27 v3.1.8b (3.1.8b)
)
("C:\Users\Ambros D. Anrig\AppData\Local\Programs\MiKTeX\tex/generic/pgf/basicl
ayer\pgfcorerdf.code.tex"
File: pgfcorerdf.code.tex 2020/12/27 v3.1.8b (3.1.8b)
)))
("C:\Users\Ambros D. Anrig\AppData\Local\Programs\MiKTeX\tex/generic/pgf/module
s\pgfmoduleshapes.code.tex"
File: pgfmoduleshapes.code.tex 2020/12/27 v3.1.8b (3.1.8b)
\pgfnodeparttextbox=\box66
)
("C:\Users\Ambros D. Anrig\AppData\Local\Programs\MiKTeX\tex/generic/pgf/module
s\pgfmoduleplot.code.tex"
File: pgfmoduleplot.code.tex 2020/12/27 v3.1.8b (3.1.8b)
)
("C:\Users\Ambros D. Anrig\AppData\Local\Programs\MiKTeX\tex/latex/pgf/compatib
ility\pgfcomp-version-0-65.sty"
Package: pgfcomp-version-0-65 2020/12/27 v3.1.8b (3.1.8b)
\pgf@nodesepstart=\dimen271
\pgf@nodesepend=\dimen272
)
("C:\Users\Ambros D. Anrig\AppData\Local\Programs\MiKTeX\tex/latex/pgf/compatib
ility\pgfcomp-version-1-18.sty"
Package: pgfcomp-version-1-18 2020/12/27 v3.1.8b (3.1.8b)
))
("C:\Users\Ambros D. Anrig\AppData\Local\Programs\MiKTeX\tex/latex/pgf/utilitie
s\pgffor.sty"
("C:\Users\Ambros D. Anrig\AppData\Local\Programs\MiKTeX\tex/latex/pgf/utilitie
s\pgfkeys.sty"
("C:\Users\Ambros D. Anrig\AppData\Local\Programs\MiKTeX\tex/generic/pgf/utilit
ies\pgfkeys.code.tex"))
("C:\Users\Ambros D. Anrig\AppData\Local\Programs\MiKTeX\tex/latex/pgf/math\pgf
math.sty"
("C:\Users\Ambros D. Anrig\AppData\Local\Programs\MiKTeX\tex/generic/pgf/math\p
gfmath.code.tex"))
("C:\Users\Ambros D. Anrig\AppData\Local\Programs\MiKTeX\tex/generic/pgf/utilit
ies\pgffor.code.tex"
Package: pgffor 2020/12/27 v3.1.8b (3.1.8b)

("C:\Users\Ambros D. Anrig\AppData\Local\Programs\MiKTeX\tex/generic/pgf/math\p
gfmath.code.tex")
\pgffor@iter=\dimen273
\pgffor@skip=\dimen274
\pgffor@stack=\toks35
\pgffor@toks=\toks36
))
("C:\Users\Ambros D. Anrig\AppData\Local\Programs\MiKTeX\tex/generic/pgf/fronte
ndlayer/tikz\tikz.code.tex"
Package: tikz 2020/12/27 v3.1.8b (3.1.8b)

("C:\Users\Ambros D. Anrig\AppData\Local\Programs\MiKTeX\tex/generic/pgf/librar
ies\pgflibraryplothandlers.code.tex"
File: pgflibraryplothandlers.code.tex 2020/12/27 v3.1.8b (3.1.8b)
\pgf@plot@mark@count=\count294
\pgfplotmarksize=\dimen275
)
\tikz@lastx=\dimen276
\tikz@lasty=\dimen277
\tikz@lastxsaved=\dimen278
\tikz@lastysaved=\dimen279
\tikz@lastmovetox=\dimen280
\tikz@lastmovetoy=\dimen281
\tikzleveldistance=\dimen282
\tikzsiblingdistance=\dimen283
\tikz@figbox=\box67
\tikz@figbox@bg=\box68
\tikz@tempbox=\box69
\tikz@tempbox@bg=\box70
\tikztreelevel=\count295
\tikznumberofchildren=\count296
\tikznumberofcurrentchild=\count297
\tikz@fig@count=\count298

("C:\Users\Ambros D. Anrig\AppData\Local\Programs\MiKTeX\tex/generic/pgf/module
s\pgfmodulematrix.code.tex"
File: pgfmodulematrix.code.tex 2020/12/27 v3.1.8b (3.1.8b)
\pgfmatrixcurrentrow=\count299
\pgfmatrixcurrentcolumn=\count300
\pgf@matrix@numberofcolumns=\count301
)
\tikz@expandcount=\count302

("C:\Users\Ambros D. Anrig\AppData\Local\Programs\MiKTeX\tex/generic/pgf/fronte
ndlayer/tikz/libraries\tikzlibrarytopaths.code.tex"
File: tikzlibrarytopaths.code.tex 2020/12/27 v3.1.8b (3.1.8b)
)))
("C:\Users\Ambros D. Anrig\AppData\Local\Programs\MiKTeX\tex/latex/pgfplots\pgf
plots.sty"
("C:\Users\Ambros D. Anrig\AppData\Local\Programs\MiKTeX\tex/generic/pgfplots\p
gfplots.revision.tex")
Package: pgfplots 2020/02/29 v1.17 Data Visualization (1.17)

("C:\Users\Ambros D. Anrig\AppData\Local\Programs\MiKTeX\tex/generic/pgfplots\p
gfplots.code.tex"
("C:\Users\Ambros D. Anrig\AppData\Local\Programs\MiKTeX\tex/generic/pgfplots\p
gfplotscore.code.tex"
\t@pgfplots@toka=\toks37
\t@pgfplots@tokb=\toks38
\t@pgfplots@tokc=\toks39
\pgfplots@tmpa=\dimen284
\c@pgfplots@coordindex=\count303
\c@pgfplots@scanlineindex=\count304

("C:\Users\Ambros D. Anrig\AppData\Local\Programs\MiKTeX\tex/generic/pgfplots/s
ys\pgfplotssysgeneric.code.tex"))
("C:\Users\Ambros D. Anrig\AppData\Local\Programs\MiKTeX\tex/generic/pgfplots/l
ibs\pgfplotslibrary.code.tex")
("C:\Users\Ambros D. Anrig\AppData\Local\Programs\MiKTeX\tex/generic/pgfplots/o
ldpgfcompatib\pgfplotsoldpgfsupp_loader.code.tex"
("C:\Users\Ambros D. Anrig\AppData\Local\Programs\MiKTeX\tex/generic/pgf/librar
ies\pgflibraryfpu.code.tex"))
("C:\Users\Ambros D. Anrig\AppData\Local\Programs\MiKTeX\tex/generic/pgfplots/u
til\pgfplotsutil.code.tex"
("C:\Users\Ambros D. Anrig\AppData\Local\Programs\MiKTeX\tex/generic/pgfplots/l
iststructure\pgfplotsliststructure.code.tex")
("C:\Users\Ambros D. Anrig\AppData\Local\Programs\MiKTeX\tex/generic/pgfplots/l
iststructure\pgfplotsliststructureext.code.tex")
("C:\Users\Ambros D. Anrig\AppData\Local\Programs\MiKTeX\tex/generic/pgfplots/l
iststructure\pgfplotsarray.code.tex"
\c@pgfplotsarray@tmp=\count305
)
("C:\Users\Ambros D. Anrig\AppData\Local\Programs\MiKTeX\tex/generic/pgfplots/l
iststructure\pgfplotsmatrix.code.tex")
("C:\Users\Ambros D. Anrig\AppData\Local\Programs\MiKTeX\tex/generic/pgfplots/n
umtable\pgfplotstableshared.code.tex"
\c@pgfplotstable@counta=\count306
\t@pgfplotstable@a=\toks40
)
("C:\Users\Ambros D. Anrig\AppData\Local\Programs\MiKTeX\tex/generic/pgfplots/l
iststructure\pgfplotsdeque.code.tex")
("C:\Users\Ambros D. Anrig\AppData\Local\Programs\MiKTeX\tex/generic/pgfplots/u
til\pgfplotsbinary.code.tex"
("C:\Users\Ambros D. Anrig\AppData\Local\Programs\MiKTeX\tex/generic/pgfplots/u
til\pgfplotsbinary.data.code.tex"))
("C:\Users\Ambros D. Anrig\AppData\Local\Programs\MiKTeX\tex/generic/pgfplots/u
til\pgfplotsutil.verb.code.tex")
("C:\Users\Ambros D. Anrig\AppData\Local\Programs\MiKTeX\tex/generic/pgfplots/l
ibs\pgflibrarypgfplots.surfshading.code.tex"
\c@pgfplotslibrarysurf@no=\count307

("C:\Users\Ambros D. Anrig\AppData\Local\Programs\MiKTeX\tex/generic/pgfplots/s
ys\pgflibrarypgfplots.surfshading.pgfsys-pdftex.def")))
("C:\Users\Ambros D. Anrig\AppData\Local\Programs\MiKTeX\tex/generic/pgfplots/u
til\pgfplotscolormap.code.tex"
("C:\Users\Ambros D. Anrig\AppData\Local\Programs\MiKTeX\tex/generic/pgfplots/u
til\pgfplotscolor.code.tex"))
("C:\Users\Ambros D. Anrig\AppData\Local\Programs\MiKTeX\tex/generic/pgfplots\p
gfplotsstackedplots.code.tex")
("C:\Users\Ambros D. Anrig\AppData\Local\Programs\MiKTeX\tex/generic/pgfplots\p
gfplotsplothandlers.code.tex"
("C:\Users\Ambros D. Anrig\AppData\Local\Programs\MiKTeX\tex/generic/pgfplots\p
gfplotsmeshplothandler.code.tex"
("C:\Users\Ambros D. Anrig\AppData\Local\Programs\MiKTeX\tex/generic/pgfplots\p
gfplotsmeshplotimage.code.tex")))
("C:\Users\Ambros D. Anrig\AppData\Local\Programs\MiKTeX\tex/generic/pgfplots\p
gfplots.scaling.code.tex")
("C:\Users\Ambros D. Anrig\AppData\Local\Programs\MiKTeX\tex/generic/pgfplots\p
gfplotscoordprocessing.code.tex")
("C:\Users\Ambros D. Anrig\AppData\Local\Programs\MiKTeX\tex/generic/pgfplots\p
gfplots.errorbars.code.tex")
("C:\Users\Ambros D. Anrig\AppData\Local\Programs\MiKTeX\tex/generic/pgfplots\p
gfplots.markers.code.tex")
("C:\Users\Ambros D. Anrig\AppData\Local\Programs\MiKTeX\tex/generic/pgfplots\p
gfplotsticks.code.tex")
("C:\Users\Ambros D. Anrig\AppData\Local\Programs\MiKTeX\tex/generic/pgfplots\p
gfplots.paths.code.tex")
("C:\Users\Ambros D. Anrig\AppData\Local\Programs\MiKTeX\tex/generic/pgf/fronte
ndlayer/tikz/libraries\tikzlibrarydecorations.code.tex"
("C:\Users\Ambros D. Anrig\AppData\Local\Programs\MiKTeX\tex/generic/pgf/module
s\pgfmoduledecorations.code.tex"
\pgfdecoratedcompleteddistance=\dimen285
\pgfdecoratedremainingdistance=\dimen286
\pgfdecoratedinputsegmentcompleteddistance=\dimen287
\pgfdecoratedinputsegmentremainingdistance=\dimen288
\pgf@decorate@distancetomove=\dimen289
\pgf@decorate@repeatstate=\count308
\pgfdecorationsegmentamplitude=\dimen290
\pgfdecorationsegmentlength=\dimen291
)
\tikz@lib@dec@box=\box71
)
("C:\Users\Ambros D. Anrig\AppData\Local\Programs\MiKTeX\tex/generic/pgf/fronte
ndlayer/tikz/libraries\tikzlibrarydecorations.pathmorphing.code.tex"
("C:\Users\Ambros D. Anrig\AppData\Local\Programs\MiKTeX\tex/generic/pgf/librar
ies/decorations\pgflibrarydecorations.pathmorphing.code.tex"))
("C:\Users\Ambros D. Anrig\AppData\Local\Programs\MiKTeX\tex/generic/pgf/fronte
ndlayer/tikz/libraries\tikzlibrarydecorations.pathreplacing.code.tex"
("C:\Users\Ambros D. Anrig\AppData\Local\Programs\MiKTeX\tex/generic/pgf/librar
ies/decorations\pgflibrarydecorations.pathreplacing.code.tex"))
\pgfplots@numplots=\count309
\pgfplots@xmin@reg=\dimen292
\pgfplots@xmax@reg=\dimen293
\pgfplots@ymin@reg=\dimen294
\pgfplots@ymax@reg=\dimen295
\pgfplots@zmin@reg=\dimen296
\pgfplots@zmax@reg=\dimen297
)
("C:\Users\Ambros D. Anrig\AppData\Local\Programs\MiKTeX\tex/generic/pgf/fronte
ndlayer/tikz/libraries\tikzlibraryplotmarks.code.tex"
File: tikzlibraryplotmarks.code.tex 2020/12/27 v3.1.8b (3.1.8b)

("C:\Users\Ambros D. Anrig\AppData\Local\Programs\MiKTeX\tex/generic/pgf/librar
ies\pgflibraryplotmarks.code.tex"
File: pgflibraryplotmarks.code.tex 2020/12/27 v3.1.8b (3.1.8b)
)))
("C:\Users\Ambros D. Anrig\AppData\Local\Programs\MiKTeX\tex/generic/pgf/fronte
ndlayer/tikz/libraries\tikzlibrarycalc.code.tex"
File: tikzlibrarycalc.code.tex 2020/12/27 v3.1.8b (3.1.8b)
)
("C:\Users\Ambros D. Anrig\AppData\Local\Programs\MiKTeX\tex/generic/pgf/fronte
ndlayer/tikz/libraries\tikzlibraryangles.code.tex"
File: tikzlibraryangles.code.tex 2020/12/27 v3.1.8b (3.1.8b)
)
("C:\Users\Ambros D. Anrig\AppData\Local\Programs\MiKTeX\tex/generic/pgf/fronte
ndlayer/tikz/libraries\tikzlibraryquotes.code.tex"
File: tikzlibraryquotes.code.tex 2020/12/27 v3.1.8b (3.1.8b)
)
("C:\Users\Ambros D. Anrig\AppData\Local\Programs\MiKTeX\tex/generic/pgf/fronte
ndlayer/tikz/libraries\tikzlibrarybabel.code.tex"
File: tikzlibrarybabel.code.tex 2020/12/27 v3.1.8b (3.1.8b)
)
("C:\Users\Ambros D. Anrig\AppData\Local\Programs\MiKTeX\tex/latex/hyperref\hyp
erref.sty"
Package: hyperref 2020-05-15 v7.00e Hypertext links for LaTeX

("C:\Users\Ambros D. Anrig\AppData\Local\Programs\MiKTeX\tex/generic/ltxcmds\lt
xcmds.sty"
Package: ltxcmds 2020-05-10 v1.25 LaTeX kernel commands for general use (HO)
)
("C:\Users\Ambros D. Anrig\AppData\Local\Programs\MiKTeX\tex/generic/pdftexcmds
\pdftexcmds.sty"
Package: pdftexcmds 2020-06-27 v0.33 Utility functions of pdfTeX for LuaTeX (HO
)

("C:\Users\Ambros D. Anrig\AppData\Local\Programs\MiKTeX\tex/generic/infwarerr\
infwarerr.sty"
Package: infwarerr 2019/12/03 v1.5 Providing info/warning/error messages (HO)
)
Package pdftexcmds Info: \pdf@primitive is available.
Package pdftexcmds Info: \pdf@ifprimitive is available.
Package pdftexcmds Info: \pdfdraftmode found.
)
("C:\Users\Ambros D. Anrig\AppData\Local\Programs\MiKTeX\tex/generic/kvsetkeys\
kvsetkeys.sty"
Package: kvsetkeys 2019/12/15 v1.18 Key value parser (HO)
)
("C:\Users\Ambros D. Anrig\AppData\Local\Programs\MiKTeX\tex/generic/kvdefineke
ys\kvdefinekeys.sty"
Package: kvdefinekeys 2019-12-19 v1.6 Define keys (HO)
)
("C:\Users\Ambros D. Anrig\AppData\Local\Programs\MiKTeX\tex/generic/pdfescape\
pdfescape.sty"
Package: pdfescape 2019/12/09 v1.15 Implements pdfTeX's escape features (HO)
)
("C:\Users\Ambros D. Anrig\AppData\Local\Programs\MiKTeX\tex/latex/hycolor\hyco
lor.sty"
Package: hycolor 2020-01-27 v1.10 Color options for hyperref/bookmark (HO)
)
("C:\Users\Ambros D. Anrig\AppData\Local\Programs\MiKTeX\tex/latex/letltxmacro\
letltxmacro.sty"
Package: letltxmacro 2019/12/03 v1.6 Let assignment for LaTeX macros (HO)
)
("C:\Users\Ambros D. Anrig\AppData\Local\Programs\MiKTeX\tex/latex/auxhook\auxh
ook.sty"
Package: auxhook 2019-12-17 v1.6 Hooks for auxiliary files (HO)
)
("C:\Users\Ambros D. Anrig\AppData\Local\Programs\MiKTeX\tex/latex/kvoptions\kv
options.sty"
Package: kvoptions 2020-10-07 v3.14 Key value format for package options (HO)
)
\@linkdim=\dimen298
\Hy@linkcounter=\count310
\Hy@pagecounter=\count311

("C:\Users\Ambros D. Anrig\AppData\Local\Programs\MiKTeX\tex/latex/hyperref\pd1
enc.def"
File: pd1enc.def 2020-05-15 v7.00e Hyperref: PDFDocEncoding definition (HO)
Now handling font encoding PD1 ...
... no UTF-8 mapping file for font encoding PD1
)
("C:\Users\Ambros D. Anrig\AppData\Local\Programs\MiKTeX\tex/generic/intcalc\in
tcalc.sty"
Package: intcalc 2019/12/15 v1.3 Expandable calculations with integers (HO)
)
("C:\Users\Ambros D. Anrig\AppData\Local\Programs\MiKTeX\tex/generic/etexcmds\e
texcmds.sty"
Package: etexcmds 2019/12/15 v1.7 Avoid name clashes with e-TeX commands (HO)
)
\Hy@SavedSpaceFactor=\count312
Package hyperref Info: Hyper figures OFF on input line 4464.
Package hyperref Info: Link nesting OFF on input line 4469.
Package hyperref Info: Hyper index ON on input line 4472.
Package hyperref Info: Plain pages OFF on input line 4479.
Package hyperref Info: Backreferencing OFF on input line 4484.
Package hyperref Info: Implicit mode ON; LaTeX internals redefined.
Package hyperref Info: Bookmarks ON on input line 4717.
\c@Hy@tempcnt=\count313

("C:\Users\Ambros D. Anrig\AppData\Local\Programs\MiKTeX\tex/latex/url\url.sty"
\Urlmuskip=\muskip16
Package: url 2013/09/16  ver 3.4  Verb mode for urls, etc.
)
LaTeX Info: Redefining \url on input line 5076.
\XeTeXLinkMargin=\dimen299

("C:\Users\Ambros D. Anrig\AppData\Local\Programs\MiKTeX\tex/generic/bitset\bit
set.sty"
Package: bitset 2019/12/09 v1.3 Handle bit-vector datatype (HO)

("C:\Users\Ambros D. Anrig\AppData\Local\Programs\MiKTeX\tex/generic/bigintcalc
\bigintcalc.sty"
Package: bigintcalc 2019/12/15 v1.5 Expandable calculations on big integers (HO
)
))
\Fld@menulength=\count314
\Field@Width=\dimen300
\Fld@charsize=\dimen301
Package hyperref Info: Hyper figures OFF on input line 6347.
Package hyperref Info: Link nesting OFF on input line 6352.
Package hyperref Info: Hyper index ON on input line 6355.
Package hyperref Info: backreferencing OFF on input line 6362.
Package hyperref Info: Link coloring OFF on input line 6367.
Package hyperref Info: Link coloring with OCG OFF on input line 6372.
Package hyperref Info: PDF/A mode OFF on input line 6377.
LaTeX Info: Redefining \ref on input line 6417.
LaTeX Info: Redefining \pageref on input line 6421.

("C:\Users\Ambros D. Anrig\AppData\Local\Programs\MiKTeX\tex/latex/base\atbegsh
i-ltx.sty"
Package: atbegshi-ltx 2020/08/17 v1.0a Emulation of the original atbegshi packa
ge
with kernel methods
)
\Hy@abspage=\count315
\c@Item=\count316
\c@Hfootnote=\count317
)
Package hyperref Info: Driver (autodetected): hpdftex.

("C:\Users\Ambros D. Anrig\AppData\Local\Programs\MiKTeX\tex/latex/hyperref\hpd
ftex.def"
File: hpdftex.def 2020-05-15 v7.00e Hyperref driver for pdfTeX

("C:\Users\Ambros D. Anrig\AppData\Local\Programs\MiKTeX\tex/latex/base\atverye
nd-ltx.sty"
Package: atveryend-ltx 2020/08/19 v1.0a Emulation of the original atvery packag
e
with kernel methods
)
\Fld@listcount=\count318
\c@bookmark@seq@number=\count319

("C:\Users\Ambros D. Anrig\AppData\Local\Programs\MiKTeX\tex/latex/rerunfileche
ck\rerunfilecheck.sty"
Package: rerunfilecheck 2019/12/05 v1.9 Rerun checks for auxiliary files (HO)

("C:\Users\Ambros D. Anrig\AppData\Local\Programs\MiKTeX\tex/generic/uniquecoun
ter\uniquecounter.sty"
Package: uniquecounter 2019/12/15 v1.4 Provide unlimited unique counter (HO)
)
Package uniquecounter Info: New unique counter `rerunfilecheck' on input line 2
86.
)
\Hy@SectionHShift=\skip56
)
("C:\Users\Ambros D. Anrig\AppData\Local\Programs\MiKTeX\tex/latex/base\fontenc
.sty"
Package: fontenc 2020/08/10 v2.0s Standard LaTeX package
)
("C:\Users\Ambros D. Anrig\AppData\Local\Programs\MiKTeX\tex/latex/amsmath\amsm
ath.sty"
Package: amsmath 2020/09/23 v2.17i AMS math features
\@mathmargin=\skip57

For additional information on amsmath, use the `?' option.

("C:\Users\Ambros D. Anrig\AppData\Local\Programs\MiKTeX\tex/latex/amsmath\amsb
sy.sty"
Package: amsbsy 1999/11/29 v1.2d Bold Symbols
\pmbraise@=\dimen302
)
("C:\Users\Ambros D. Anrig\AppData\Local\Programs\MiKTeX\tex/latex/amsmath\amso
pn.sty"
Package: amsopn 2016/03/08 v2.02 operator names
)
\inf@bad=\count320
LaTeX Info: Redefining \frac on input line 234.
\uproot@=\count321
\leftroot@=\count322
LaTeX Info: Redefining \overline on input line 399.
\classnum@=\count323
\DOTSCASE@=\count324
LaTeX Info: Redefining \ldots on input line 496.
LaTeX Info: Redefining \dots on input line 499.
LaTeX Info: Redefining \cdots on input line 620.
\Mathstrutbox@=\box72
\strutbox@=\box73
\big@size=\dimen303
LaTeX Font Info:    Redeclaring font encoding OML on input line 743.
LaTeX Font Info:    Redeclaring font encoding OMS on input line 744.
\macc@depth=\count325
\c@MaxMatrixCols=\count326
\dotsspace@=\muskip17
\c@parentequation=\count327
\dspbrk@lvl=\count328
\tag@help=\toks41
\row@=\count329
\column@=\count330
\maxfields@=\count331
\andhelp@=\toks42
\eqnshift@=\dimen304
\alignsep@=\dimen305
\tagshift@=\dimen306
\tagwidth@=\dimen307
\totwidth@=\dimen308
\lineht@=\dimen309
\@envbody=\toks43
\multlinegap=\skip58
\multlinetaggap=\skip59
\mathdisplay@stack=\toks44
LaTeX Info: Redefining \[ on input line 2923.
LaTeX Info: Redefining \] on input line 2924.
)
("C:\Users\Ambros D. Anrig\AppData\Local\Programs\MiKTeX\tex/latex/amscls\amsth
m.sty"
Package: amsthm 2020/05/29 v2.20.6
\thm@style=\toks45
\thm@bodyfont=\toks46
\thm@headfont=\toks47
\thm@notefont=\toks48
\thm@headpunct=\toks49
\thm@preskip=\skip60
\thm@postskip=\skip61
\thm@headsep=\skip62
\dth@everypar=\toks50
)
("C:\Users\Ambros D. Anrig\AppData\Local\Programs\MiKTeX\tex/latex/amsfonts\ams
symb.sty"
Package: amssymb 2013/01/14 v3.01 AMS font symbols

("C:\Users\Ambros D. Anrig\AppData\Local\Programs\MiKTeX\tex/latex/amsfonts\ams
fonts.sty"
Package: amsfonts 2013/01/14 v3.01 Basic AMSFonts support
\symAMSa=\mathgroup4
\symAMSb=\mathgroup5
LaTeX Font Info:    Redeclaring math symbol \hbar on input line 98.
LaTeX Font Info:    Overwriting math alphabet `\mathfrak' in version `bold'
(Font)                  U/euf/m/n --> U/euf/b/n on input line 106.
))
("C:\Users\Ambros D. Anrig\AppData\Local\Programs\MiKTeX\tex/latex/lm\lmodern.s
ty"
Package: lmodern 2009/10/30 v1.6 Latin Modern Fonts
LaTeX Font Info:    Overwriting symbol font `operators' in version `normal'
(Font)                  OT1/cmr/m/n --> OT1/lmr/m/n on input line 22.
LaTeX Font Info:    Overwriting symbol font `letters' in version `normal'
(Font)                  OML/cmm/m/it --> OML/lmm/m/it on input line 23.
LaTeX Font Info:    Overwriting symbol font `symbols' in version `normal'
(Font)                  OMS/cmsy/m/n --> OMS/lmsy/m/n on input line 24.
LaTeX Font Info:    Overwriting symbol font `largesymbols' in version `normal'
(Font)                  OMX/cmex/m/n --> OMX/lmex/m/n on input line 25.
LaTeX Font Info:    Overwriting symbol font `operators' in version `bold'
(Font)                  OT1/cmr/bx/n --> OT1/lmr/bx/n on input line 26.
LaTeX Font Info:    Overwriting symbol font `letters' in version `bold'
(Font)                  OML/cmm/b/it --> OML/lmm/b/it on input line 27.
LaTeX Font Info:    Overwriting symbol font `symbols' in version `bold'
(Font)                  OMS/cmsy/b/n --> OMS/lmsy/b/n on input line 28.
LaTeX Font Info:    Overwriting symbol font `largesymbols' in version `bold'
(Font)                  OMX/cmex/m/n --> OMX/lmex/m/n on input line 29.
LaTeX Font Info:    Overwriting math alphabet `\mathbf' in version `normal'
(Font)                  OT1/cmr/bx/n --> OT1/lmr/bx/n on input line 31.
LaTeX Font Info:    Overwriting math alphabet `\mathsf' in version `normal'
(Font)                  OT1/cmss/m/n --> OT1/lmss/m/n on input line 32.
LaTeX Font Info:    Overwriting math alphabet `\mathit' in version `normal'
(Font)                  OT1/cmr/m/it --> OT1/lmr/m/it on input line 33.
LaTeX Font Info:    Overwriting math alphabet `\mathtt' in version `normal'
(Font)                  OT1/cmtt/m/n --> OT1/lmtt/m/n on input line 34.
LaTeX Font Info:    Overwriting math alphabet `\mathbf' in version `bold'
(Font)                  OT1/cmr/bx/n --> OT1/lmr/bx/n on input line 35.
LaTeX Font Info:    Overwriting math alphabet `\mathsf' in version `bold'
(Font)                  OT1/cmss/bx/n --> OT1/lmss/bx/n on input line 36.
LaTeX Font Info:    Overwriting math alphabet `\mathit' in version `bold'
(Font)                  OT1/cmr/bx/it --> OT1/lmr/bx/it on input line 37.
LaTeX Font Info:    Overwriting math alphabet `\mathtt' in version `bold'
(Font)                  OT1/cmtt/m/n --> OT1/lmtt/m/n on input line 38.
)
("C:\Users\Ambros D. Anrig\AppData\Local\Programs\MiKTeX\tex/latex/fancyhdr\fan
cyhdr.sty"
Package: fancyhdr 2021/01/28 v4.0.1 Extensive control of page headers and foote
rs
\f@nch@headwidth=\skip63
\f@nch@O@elh=\skip64
\f@nch@O@erh=\skip65
\f@nch@O@olh=\skip66
\f@nch@O@orh=\skip67
\f@nch@O@elf=\skip68
\f@nch@O@erf=\skip69
\f@nch@O@olf=\skip70
\f@nch@O@orf=\skip71
)
("C:\Users\Ambros D. Anrig\AppData\Local\Programs\MiKTeX\tex/latex/amsrefs\amsr
efs.sty"
Package: amsrefs 2013/03/07 v2.14

("C:\Users\Ambros D. Anrig\AppData\Local\Programs\MiKTeX\tex/latex/amsrefs\pcat
code.sty"
Package: pcatcode 2002/04/16 v1.04
)
("C:\Users\Ambros D. Anrig\AppData\Local\Programs\MiKTeX\tex/latex/amsrefs\ifop
tion.sty"
Package: ifoption 2002/03/04 v1.02
)
("C:\Users\Ambros D. Anrig\AppData\Local\Programs\MiKTeX\tex/latex/amsrefs\rkey
val.sty"
Package: rkeyval 2004/05/05 v1.08
\@temptokenb=\toks51
\rsk@toks=\toks52
)
("C:\Users\Ambros D. Anrig\AppData\Local\Programs\MiKTeX\tex/latex/amsrefs\text
cmds.sty"
Package: textcmds 2012/08/02 v2.00
)
("C:\Users\Ambros D. Anrig\AppData\Local\Programs\MiKTeX\tex/latex/amsrefs\math
scinet.sty"
Package: mathscinet 2002/04/17 v1.05
)
\c@bib=\count332
\@maxlabelwidth=\dimen310
\c@bib@env=\count333
\bib@dbfile=\read4
\alpha@suffix=\count334
\series@index=\count335
)
("C:\Users\Ambros D. Anrig\AppData\Local\Programs\MiKTeX\tex/latex/listings\lis
tings.sty"
\lst@mode=\count336
\lst@gtempboxa=\box74
\lst@token=\toks53
\lst@length=\count337
\lst@currlwidth=\dimen311
\lst@column=\count338
\lst@pos=\count339
\lst@lostspace=\dimen312
\lst@width=\dimen313
\lst@newlines=\count340
\lst@lineno=\count341
\lst@maxwidth=\dimen314

("C:\Users\Ambros D. Anrig\AppData\Local\Programs\MiKTeX\tex/latex/listings\lst
misc.sty"
File: lstmisc.sty 2020/03/24 1.8d (Carsten Heinz)
\c@lstnumber=\count342
\lst@skipnumbers=\count343
\lst@framebox=\box75
)
("C:\Users\Ambros D. Anrig\AppData\Local\Programs\MiKTeX\tex/latex/listings\lis
tings.cfg"
File: listings.cfg 2020/03/24 1.8d listings configuration
))
Package: listings 2020/03/24 1.8d (Carsten Heinz)
)
LaTeX Font Info:    Trying to load font information for T1+lmr on input line 4.


("C:\Users\Ambros D. Anrig\AppData\Local\Programs\MiKTeX\tex/latex/lm\t1lmr.fd"
File: t1lmr.fd 2009/10/30 v1.6 Font defs for Latin Modern
)
No file main.aux.
\openout1 = `main.aux'.

LaTeX Font Info:    Checking defaults for OML/cmm/m/it on input line 4.
LaTeX Font Info:    ... okay on input line 4.
LaTeX Font Info:    Checking defaults for OMS/cmsy/m/n on input line 4.
LaTeX Font Info:    ... okay on input line 4.
LaTeX Font Info:    Checking defaults for OT1/cmr/m/n on input line 4.
LaTeX Font Info:    ... okay on input line 4.
LaTeX Font Info:    Checking defaults for T1/cmr/m/n on input line 4.
LaTeX Font Info:    ... okay on input line 4.
LaTeX Font Info:    Checking defaults for TS1/cmr/m/n on input line 4.
LaTeX Font Info:    ... okay on input line 4.
LaTeX Font Info:    Checking defaults for OMX/cmex/m/n on input line 4.
LaTeX Font Info:    ... okay on input line 4.
LaTeX Font Info:    Checking defaults for U/cmr/m/n on input line 4.
LaTeX Font Info:    ... okay on input line 4.
LaTeX Font Info:    Checking defaults for PD1/pdf/m/n on input line 4.
LaTeX Font Info:    ... okay on input line 4.
*geometry* driver: auto-detecting
*geometry* detected driver: pdftex
*geometry* verbose mode - [ preamble ] result:
* driver: pdftex
* paper: a4paper
* layout: <same size as paper>
* layoutoffset:(h,v)=(0.0pt,0.0pt)
* modes: twoside 
* h-part:(L,W,R)=(56.9055pt, 483.69687pt, 56.9055pt)
* v-part:(T,H,B)=(56.9055pt, 717.00946pt, 71.13188pt)
* \paperwidth=597.50787pt
* \paperheight=845.04684pt
* \textwidth=483.69687pt
* \textheight=717.00946pt
* \oddsidemargin=-15.36449pt
* \evensidemargin=-15.36449pt
* \topmargin=-52.36449pt
* \headheight=30.0pt
* \headsep=22.76219pt
* \topskip=12.0pt
* \footskip=22.76219pt
* \marginparwidth=85.0pt
* \marginparsep=10.0pt
* \columnsep=10.0pt
* \skip\footins=10.8pt plus 4.0pt minus 2.0pt
* \hoffset=0.0pt
* \voffset=0.0pt
* \mag=1000
* \@twocolumnfalse
* \@twosidetrue
* \@mparswitchtrue
* \@reversemarginfalse
* (1in=72.27pt=25.4mm, 1cm=28.453pt)


("C:\Users\Ambros D. Anrig\AppData\Local\Programs\MiKTeX\tex/latex/siunitx\siun
itx-abbreviations.cfg"
File: siunitx-abbreviations.cfg 2017/11/26 v2.7k siunitx: Abbreviated units
)
("C:\Users\Ambros D. Anrig\AppData\Local\Programs\MiKTeX\tex/latex/translator\t
ranslator-basic-dictionary-English.dict"
Dictionary: translator-basic-dictionary, Language: English 
)
("C:\Users\Ambros D. Anrig\AppData\Local\Programs\MiKTeX\tex/context/base/mkii\
supp-pdf.mkii"
[Loading MPS to PDF converter (version 2006.09.02).]
\scratchcounter=\count344
\scratchdimen=\dimen315
\scratchbox=\box76
\nofMPsegments=\count345
\nofMParguments=\count346
\everyMPshowfont=\toks54
\MPscratchCnt=\count347
\MPscratchDim=\dimen316
\MPnumerator=\count348
\makeMPintoPDFobject=\count349
\everyMPtoPDFconversion=\toks55
)
("C:\Users\Ambros D. Anrig\AppData\Local\Programs\MiKTeX\tex/latex/epstopdf-pkg
\epstopdf-base.sty"
Package: epstopdf-base 2020-01-24 v2.11 Base part for package epstopdf
Package epstopdf-base Info: Redefining graphics rule for `.eps' on input line 4
85.
)
Package caption Info: Begin \AtBeginDocument code.
Package caption Info: float package is loaded.
Package caption Info: hyperref package is loaded.
Package caption Info: listings package is loaded.
Package caption Info: End \AtBeginDocument code.

Package pgfplots notification 'compat/show suggested version=true': you might b
enefit from \pgfplotsset{compat=1.17} (current compat level: 1.14).

Package hyperref Info: Link coloring OFF on input line 4.

("C:\Users\Ambros D. Anrig\AppData\Local\Programs\MiKTeX\tex/latex/hyperref\nam
eref.sty"
Package: nameref 2019/09/16 v2.46 Cross-referencing by name of section

("C:\Users\Ambros D. Anrig\AppData\Local\Programs\MiKTeX\tex/latex/refcount\ref
count.sty"
Package: refcount 2019/12/15 v3.6 Data extraction from label references (HO)
)
("C:\Users\Ambros D. Anrig\AppData\Local\Programs\MiKTeX\tex/generic/gettitlest
ring\gettitlestring.sty"
Package: gettitlestring 2019/12/15 v1.6 Cleanup title references (HO)
)
\c@section@level=\count350
)
LaTeX Info: Redefining \ref on input line 4.
LaTeX Info: Redefining \pageref on input line 4.
LaTeX Info: Redefining \nameref on input line 4.
\@outlinefile=\write4
\openout4 = `main.out'.

\c@lstlisting=\count351
LaTeX Font Info:    Trying to load font information for OT1+lmr on input line 4
.

("C:\Users\Ambros D. Anrig\AppData\Local\Programs\MiKTeX\tex/latex/lm\ot1lmr.fd
"
File: ot1lmr.fd 2009/10/30 v1.6 Font defs for Latin Modern
)
LaTeX Font Info:    Trying to load font information for OML+lmm on input line 4
.

("C:\Users\Ambros D. Anrig\AppData\Local\Programs\MiKTeX\tex/latex/lm\omllmm.fd
"
File: omllmm.fd 2009/10/30 v1.6 Font defs for Latin Modern
)
LaTeX Font Info:    Trying to load font information for OMS+lmsy on input line 
4.

("C:\Users\Ambros D. Anrig\AppData\Local\Programs\MiKTeX\tex/latex/lm\omslmsy.f
d"
File: omslmsy.fd 2009/10/30 v1.6 Font defs for Latin Modern
)
LaTeX Font Info:    Trying to load font information for OMX+lmex on input line 
4.

("C:\Users\Ambros D. Anrig\AppData\Local\Programs\MiKTeX\tex/latex/lm\omxlmex.f
d"
File: omxlmex.fd 2009/10/30 v1.6 Font defs for Latin Modern
)
LaTeX Font Info:    External font `lmex10' loaded for size
(Font)              <12> on input line 4.
LaTeX Font Info:    External font `lmex10' loaded for size
(Font)              <8> on input line 4.
LaTeX Font Info:    External font `lmex10' loaded for size
(Font)              <6> on input line 4.
LaTeX Font Info:    Trying to load font information for U+msa on input line 4.

("C:\Users\Ambros D. Anrig\AppData\Local\Programs\MiKTeX\tex/latex/amsfonts\ums
a.fd"
File: umsa.fd 2013/01/14 v3.01 AMS symbols A
)
LaTeX Font Info:    Trying to load font information for U+msb on input line 4.

("C:\Users\Ambros D. Anrig\AppData\Local\Programs\MiKTeX\tex/latex/amsfonts\ums
b.fd"
File: umsb.fd 2013/01/14 v3.01 AMS symbols B
)
LaTeX Font Info:    Trying to load font information for OT1+lmss on input line 
4.

("C:\Users\Ambros D. Anrig\AppData\Local\Programs\MiKTeX\tex/latex/lm\ot1lmss.f
d"
File: ot1lmss.fd 2009/10/30 v1.6 Font defs for Latin Modern
)
LaTeX Font Info:    Trying to load font information for OT1+lmtt on input line 
4.

("C:\Users\Ambros D. Anrig\AppData\Local\Programs\MiKTeX\tex/latex/lm\ot1lmtt.f
d"
File: ot1lmtt.fd 2009/10/30 v1.6 Font defs for Latin Modern
)
<Pictures/BuddhabrotmengeWithZoomGPU1ToPoint-0.5 + 0.0imWithIteration1000withRe
solution9000x6000high.png, id=6, 9033.75pt x 6022.5pt>
File: Pictures/BuddhabrotmengeWithZoomGPU1ToPoint-0.5 + 0.0imWithIteration1000w
ithResolution9000x6000high.png Graphic file (type png)
<use Pictures/BuddhabrotmengeWithZoomGPU1ToPoint-0.5 + 0.0imWithIteration1000wi
thResolution9000x6000high.png>
Package pdftex.def Info: Pictures/BuddhabrotmengeWithZoomGPU1ToPoint-0.5 + 0.0i
mWithIteration1000withResolution9000x6000high.png  used on input line 13.
(pdftex.def)             Requested size: 532.0695pt x 354.62602pt.
 [1

{C:/Users/Ambros D. Anrig/AppData/Local/MiKTeX/pdftex/config/pdftex.map} <C:/Us
ers/Ambros D. Anrig/OneDrive - Kanton Glarus/Dokumente/GitHub/Maturaarbeit_Ambr
os/Maturaarbeit/Pictures/BuddhabrotmengeWithZoomGPU1ToPoint-0.5 + 0.0imWithIter
ation1000withResolution9000x6000high.png>]
\openout2 = `Kapitel/Vorwort.aux'.


("C:/Users/Ambros D. Anrig/OneDrive - Kanton Glarus/Dokumente/GitHub/Maturaarbe
it_Ambros/Maturaarbeit\Kapitel/Vorwort.tex"
LaTeX Font Info:    Trying to load font information for T1+lmtt on input line 7
.

("C:\Users\Ambros D. Anrig\AppData\Local\Programs\MiKTeX\tex/latex/lm\t1lmtt.fd
"
File: t1lmtt.fd 2009/10/30 v1.6 Font defs for Latin Modern
))
Underfull \hbox (badness 10000) in paragraph at lines 2--24

 []


Underfull \hbox (badness 10000) in paragraph at lines 2--24

 []

[2

]
\tf@toc=\write5
\openout5 = `main.toc'.

 [0



]
\openout2 = `Kapitel/Kapitel01.aux'.


("C:/Users/Ambros D. Anrig/OneDrive - Kanton Glarus/Dokumente/GitHub/Maturaarbe
it_Ambros/Maturaarbeit\Kapitel/Kapitel01.tex")pdfTeX warning (ext4): destinatio
n with the same identifier (name{page.1}) has been already used, duplicate igno
red
<to be read again> 
                   \relax 
l.31 \include{Kapitel/Kapitel01}
                                 [1

]
\openout2 = `Kapitel/Kapitel02.aux'.


("C:/Users/Ambros D. Anrig/OneDrive - Kanton Glarus/Dokumente/GitHub/Maturaarbe
it_Ambros/Maturaarbeit\Kapitel/Kapitel02.tex"
<Pictures/Kochkurve.png, id=31, 378.213pt x 167.4255pt>
File: Pictures/Kochkurve.png Graphic file (type png)
<use Pictures/Kochkurve.png>
Package pdftex.def Info: Pictures/Kochkurve.png  used on input line 26.
(pdftex.def)             Requested size: 241.84843pt x 107.06253pt.

Underfull \hbox (badness 10000) in paragraph at lines 23--31

 []


LaTeX Warning: `h' float specifier changed to `ht'.

pdfTeX warning (ext4): destination with the same identifier (name{page.2}) has 
been already used, duplicate ignored
<to be read again> 
                   \relax 
l.31 
      [2



]
LaTeX Font Info:    Trying to load font information for TS1+lmr on input line 3
3.

("C:\Users\Ambros D. Anrig\AppData\Local\Programs\MiKTeX\tex/latex/lm\ts1lmr.fd
"
File: ts1lmr.fd 2009/10/30 v1.6 Font defs for Latin Modern
)
<Pictures/Mandelbrot2668x4002.png, id=47, 4017.0075pt x 2678.005pt>
File: Pictures/Mandelbrot2668x4002.png Graphic file (type png)
<use Pictures/Mandelbrot2668x4002.png>
Package pdftex.def Info: Pictures/Mandelbrot2668x4002.png  used on input line 4
4.
(pdftex.def)             Requested size: 241.84843pt x 161.20459pt.


LaTeX Warning: `h' float specifier changed to `ht'.

[3 <C:/Users/Ambros D. Anrig/OneDrive - Kanton Glarus/Dokumente/GitHub/Maturaar
beit_Ambros/Maturaarbeit/Pictures/Kochkurve.png>]
File: Pictures/BuddhabrotmengeWithZoomGPU1ToPoint-0.5 + 0.0imWithIteration1000w
ithResolution9000x6000high.png Graphic file (type png)
<use Pictures/BuddhabrotmengeWithZoomGPU1ToPoint-0.5 + 0.0imWithIteration1000wi
thResolution9000x6000high.png>
Package pdftex.def Info: Pictures/BuddhabrotmengeWithZoomGPU1ToPoint-0.5 + 0.0i
mWithIteration1000withResolution9000x6000high.png  used on input line 55.
(pdftex.def)             Requested size: 241.84843pt x 161.18529pt.
) [4 <C:/Users/Ambros D. Anrig/OneDrive - Kanton Glarus/Dokumente/GitHub/Matura
arbeit_Ambros/Maturaarbeit/Pictures/Mandelbrot2668x4002.png>]
\openout2 = `Kapitel/Kapitel03.aux'.


("C:/Users/Ambros D. Anrig/OneDrive - Kanton Glarus/Dokumente/GitHub/Maturaarbe
it_Ambros/Maturaarbeit\Kapitel/Kapitel03.tex") [5



] [6]
\openout2 = `Kapitel/Kapitel04.aux'.


("C:/Users/Ambros D. Anrig/OneDrive - Kanton Glarus/Dokumente/GitHub/Maturaarbe
it_Ambros/Maturaarbeit\Kapitel/Kapitel04.tex"
<Pictures/1AnalyBuddhabrotmengeWithZoomGPU1ToPoint-0.5 + 0.0imWithIteration1000
withResolution4000x2667.png, id=78, 4015.0pt x 2677.00125pt>
File: Pictures/1AnalyBuddhabrotmengeWithZoomGPU1ToPoint-0.5 + 0.0imWithIteratio
n1000withResolution4000x2667.png Graphic file (type png)
<use Pictures/1AnalyBuddhabrotmengeWithZoomGPU1ToPoint-0.5 + 0.0imWithIteration
1000withResolution4000x2667.png>
Package pdftex.def Info: Pictures/1AnalyBuddhabrotmengeWithZoomGPU1ToPoint-0.5 
+ 0.0imWithIteration1000withResolution4000x2667.png  used on input line 10.
(pdftex.def)             Requested size: 237.01411pt x 157.99889pt.
<Pictures/2AnalyBuddhabrotmengeWithZoomGPU1ToPoint-0.5 + 0.0imWithIteration1000
withResolution4000x2667.png, id=79, 4015.0pt x 2677.00125pt>
File: Pictures/2AnalyBuddhabrotmengeWithZoomGPU1ToPoint-0.5 + 0.0imWithIteratio
n1000withResolution4000x2667.png Graphic file (type png)
<use Pictures/2AnalyBuddhabrotmengeWithZoomGPU1ToPoint-0.5 + 0.0imWithIteration
1000withResolution4000x2667.png>
Package pdftex.def Info: Pictures/2AnalyBuddhabrotmengeWithZoomGPU1ToPoint-0.5 
+ 0.0imWithIteration1000withResolution4000x2667.png  used on input line 12.
(pdftex.def)             Requested size: 237.01411pt x 157.99889pt.
<Pictures/3AnalyBuddhabrotmengeWithZoomGPU1ToPoint-0.5 + 0.0imWithIteration1000
withResolution4000x2667.png, id=80, 4015.0pt x 2677.00125pt>
File: Pictures/3AnalyBuddhabrotmengeWithZoomGPU1ToPoint-0.5 + 0.0imWithIteratio
n1000withResolution4000x2667.png Graphic file (type png)
<use Pictures/3AnalyBuddhabrotmengeWithZoomGPU1ToPoint-0.5 + 0.0imWithIteration
1000withResolution4000x2667.png>
Package pdftex.def Info: Pictures/3AnalyBuddhabrotmengeWithZoomGPU1ToPoint-0.5 
+ 0.0imWithIteration1000withResolution4000x2667.png  used on input line 14.
(pdftex.def)             Requested size: 237.01411pt x 157.99889pt.
<Pictures/4AnalyBuddhabrotmengeWithZoomGPU1ToPoint-0.5 + 0.0imWithIteration1000
withResolution4000x2667.png, id=81, 4015.0pt x 2677.00125pt>
File: Pictures/4AnalyBuddhabrotmengeWithZoomGPU1ToPoint-0.5 + 0.0imWithIteratio
n1000withResolution4000x2667.png Graphic file (type png)
<use Pictures/4AnalyBuddhabrotmengeWithZoomGPU1ToPoint-0.5 + 0.0imWithIteration
1000withResolution4000x2667.png>
Package pdftex.def Info: Pictures/4AnalyBuddhabrotmengeWithZoomGPU1ToPoint-0.5 
+ 0.0imWithIteration1000withResolution4000x2667.png  used on input line 16.
(pdftex.def)             Requested size: 237.01411pt x 157.99889pt.
<Pictures/10AnalyBuddhabrotmengeWithZoomGPU1ToPoint-0.5 + 0.0imWithIteration100
00withResolution4000x2667.png, id=82, 4015.0pt x 2677.00125pt>
File: Pictures/10AnalyBuddhabrotmengeWithZoomGPU1ToPoint-0.5 + 0.0imWithIterati
on10000withResolution4000x2667.png Graphic file (type png)
<use Pictures/10AnalyBuddhabrotmengeWithZoomGPU1ToPoint-0.5 + 0.0imWithIteratio
n10000withResolution4000x2667.png>
Package pdftex.def Info: Pictures/10AnalyBuddhabrotmengeWithZoomGPU1ToPoint-0.5
 + 0.0imWithIteration10000withResolution4000x2667.png  used on input line 22.
(pdftex.def)             Requested size: 237.01411pt x 157.99889pt.
<Pictures/40AnalyBuddhabrotmengeWithZoomGPU1ToPoint-0.5 + 0.0imWithIteration100
00withResolution4000x2667.png, id=83, 4015.0pt x 2677.00125pt>
File: Pictures/40AnalyBuddhabrotmengeWithZoomGPU1ToPoint-0.5 + 0.0imWithIterati
on10000withResolution4000x2667.png Graphic file (type png)
<use Pictures/40AnalyBuddhabrotmengeWithZoomGPU1ToPoint-0.5 + 0.0imWithIteratio
n10000withResolution4000x2667.png>
Package pdftex.def Info: Pictures/40AnalyBuddhabrotmengeWithZoomGPU1ToPoint-0.5
 + 0.0imWithIteration10000withResolution4000x2667.png  used on input line 24.
(pdftex.def)             Requested size: 237.01411pt x 157.99889pt.


LaTeX Warning: `!h' float specifier changed to `!ht'.


LaTeX Warning: Reference `fig:absolute' on page 7 undefined on input line 28.

)
Underfull \vbox (badness 1043) has occurred while \output is active []

 [7



 <C:/Users/Ambros D. Anrig/OneDrive - Kanton Glarus/Dokumente/GitHub/Maturaarbe
it_Ambros/Maturaarbeit/Pictures/1AnalyBuddhabrotmengeWithZoomGPU1ToPoint-0.5 + 
0.0imWithIteration1000withResolution4000x2667.png> <C:/Users/Ambros D. Anrig/On
eDrive - Kanton Glarus/Dokumente/GitHub/Maturaarbeit_Ambros/Maturaarbeit/Pictur
es/2AnalyBuddhabrotmengeWithZoomGPU1ToPoint-0.5 + 0.0imWithIteration1000withRes
olution4000x2667.png> <C:/Users/Ambros D. Anrig/OneDrive - Kanton Glarus/Dokume
nte/GitHub/Maturaarbeit_Ambros/Maturaarbeit/Pictures/3AnalyBuddhabrotmengeWithZ
oomGPU1ToPoint-0.5 + 0.0imWithIteration1000withResolution4000x2667.png> <C:/Use
rs/Ambros D. Anrig/OneDrive - Kanton Glarus/Dokumente/GitHub/Maturaarbeit_Ambro
s/Maturaarbeit/Pictures/4AnalyBuddhabrotmengeWithZoomGPU1ToPoint-0.5 + 0.0imWit
hIteration1000withResolution4000x2667.png>] [8 <C:/Users/Ambros D. Anrig/OneDri
ve - Kanton Glarus/Dokumente/GitHub/Maturaarbeit_Ambros/Maturaarbeit/Pictures/1
0AnalyBuddhabrotmengeWithZoomGPU1ToPoint-0.5 + 0.0imWithIteration10000withResol
ution4000x2667.png> <C:/Users/Ambros D. Anrig/OneDrive - Kanton Glarus/Dokument
e/GitHub/Maturaarbeit_Ambros/Maturaarbeit/Pictures/40AnalyBuddhabrotmengeWithZo
omGPU1ToPoint-0.5 + 0.0imWithIteration10000withResolution4000x2667.png>]
\openout2 = `Kapitel/Kapitel05.aux'.


("C:/Users/Ambros D. Anrig/OneDrive - Kanton Glarus/Dokumente/GitHub/Maturaarbe
it_Ambros/Maturaarbeit\Kapitel/Kapitel05.tex") [9



]
\openout2 = `Kapitel/Kapitel06.aux'.


("C:/Users/Ambros D. Anrig/OneDrive - Kanton Glarus/Dokumente/GitHub/Maturaarbe
it_Ambros/Maturaarbeit\Kapitel/Kapitel06.tex") [10



]
\openout2 = `Kapitel/Kapitel07.aux'.


("C:/Users/Ambros D. Anrig/OneDrive - Kanton Glarus/Dokumente/GitHub/Maturaarbe
it_Ambros/Maturaarbeit\Kapitel/Kapitel07.tex")
Underfull \hbox (badness 10000) in paragraph at lines 2--43

 []


Underfull \hbox (badness 10000) in paragraph at lines 2--43

 []

[11



]
\openout2 = `Kapitel/Literaturverzeichnis.aux'.


("C:/Users/Ambros D. Anrig/OneDrive - Kanton Glarus/Dokumente/GitHub/Maturaarbe
it_Ambros/Maturaarbeit\Kapitel/Literaturverzeichnis.tex"
LaTeX Font Info:    External font `lmex10' loaded for size
(Font)              <10> on input line 45.
LaTeX Font Info:    External font `lmex10' loaded for size
(Font)              <7> on input line 45.
LaTeX Font Info:    External font `lmex10' loaded for size
(Font)              <5> on input line 45.
\tf@lof=\write6
\openout6 = `main.lof'.

) [12



]
\openout2 = `Kapitel/Anhang.aux'.


("C:/Users/Ambros D. Anrig/OneDrive - Kanton Glarus/Dokumente/GitHub/Maturaarbe
it_Ambros/Maturaarbeit\Kapitel/Anhang.tex"
<Pictures/Anhang/BuddhabrotmengeWithZoom12ToPoint-1.25 + 0.0imWithIteration150w
ithResolution4000x2667.png, id=142, 4015.0pt x 2677.00125pt>
File: Pictures/Anhang/BuddhabrotmengeWithZoom12ToPoint-1.25 + 0.0imWithIteratio
n150withResolution4000x2667.png Graphic file (type png)
<use Pictures/Anhang/BuddhabrotmengeWithZoom12ToPoint-1.25 + 0.0imWithIteration
150withResolution4000x2667.png>
Package pdftex.def Info: Pictures/Anhang/BuddhabrotmengeWithZoom12ToPoint-1.25 
+ 0.0imWithIteration150withResolution4000x2667.png  used on input line 6.
(pdftex.def)             Requested size: 241.84843pt x 161.22586pt.
<Pictures/Anhang/BuddhabrotmengeWithZoomGPU6.25ToPoint-1.25 + 0.0imWithIteratio
n150withResolution4002x2668high.png, id=143, 4017.0075pt x 2678.005pt>
File: Pictures/Anhang/BuddhabrotmengeWithZoomGPU6.25ToPoint-1.25 + 0.0imWithIte
ration150withResolution4002x2668high.png Graphic file (type png)
<use Pictures/Anhang/BuddhabrotmengeWithZoomGPU6.25ToPoint-1.25 + 0.0imWithIter
ation150withResolution4002x2668high.png>
Package pdftex.def Info: Pictures/Anhang/BuddhabrotmengeWithZoomGPU6.25ToPoint-
1.25 + 0.0imWithIteration150withResolution4002x2668high.png  used on input line
 13.
(pdftex.def)             Requested size: 241.84843pt x 161.20459pt.

! TeX capacity exceeded, sorry [input stack size=5000].
\caption@ifstrut #1#2->#1
                         
l.16 \end
         {figure}
If you really absolutely need more capacity,
you can ask a wizard to enlarge me.

 
Here is how much of TeX's memory you used:
 35179 strings out of 479618
 835108 string characters out of 2860239
 1196453 words of memory out of 3000000
 51606 multiletter control sequences out of 15000+200000
 488023 words of font info for 88 fonts, out of 3000000 for 9000
 1141 hyphenation exceptions out of 8191
 5000i,11n,5006p,1282b,758s stack positions out of 5000i,500n,10000p,200000b,50000s
!  ==> Fatal error occurred, no output PDF file produced!
